<?xml version="1.0" encoding="UTF-8"?>
<testsuites tests="40" failures="0" disabled="0" errors="0" time="5.479" name="AllTests">
  <testsuite name="Win_Funcoes_Basicas" tests="6" failures="0" disabled="0" errors="0" time="0.407">
    <testcase name="configuraAmbiente" status="run" time="0.101" classname="Win_Funcoes_Basicas" />
    <testcase name="existeArquivo" status="run" time="0.202" classname="Win_Funcoes_Basicas" />
    <testcase name="guardaPegaHandle" status="run" time="0" classname="Win_Funcoes_Basicas" />
    <testcase name="fechaArquivo" status="run" time="0.101" classname="Win_Funcoes_Basicas" />
    <testcase name="isFloat" status="run" time="0" classname="Win_Funcoes_Basicas" />
    <testcase name="stristr" status="run" time="0" classname="Win_Funcoes_Basicas" />
  </testsuite>
  <testsuite name="Proprietario" tests="10" failures="0" disabled="0" errors="0" time="1.407">
    <testcase name="incluiProprietario" status="run" time="0.198" classname="Proprietario" />
    <testcase name="buscaProprietario" status="run" time="0.19" classname="Proprietario" />
    <testcase name="alteraProprietario" status="run" time="0.196" classname="Proprietario" />
    <testcase name="excluiProprietario" status="run" time="0.207" classname="Proprietario" />
    <testcase name="pegaProprietario" status="run" time="0.203" classname="Proprietario" />
    <testcase name="validaCPF" status="run" time="0" classname="Proprietario" />
    <testcase name="validaTelefone" status="run" time="0" classname="Proprietario" />
    <testcase name="validaDDD" status="run" time="0" classname="Proprietario" />
    <testcase name="obtemQuantPropArquivo" status="run" time="0.202" classname="Proprietario" />
    <testcase name="carregaProprietarios" status="run" time="0.204" classname="Proprietario" />
  </testsuite>
  <testsuite name="Veiculo" tests="8" failures="0" disabled="0" errors="0" time="1.41">
    <testcase name="incluiVeiculo" status="run" time="0.196" classname="Veiculo" />
    <testcase name="buscaVeiculo" status="run" time="0.204" classname="Veiculo" />
    <testcase name="alteraVeiculo" status="run" time="0.197" classname="Veiculo" />
    <testcase name="excluiVeiculo" status="run" time="0.202" classname="Veiculo" />
    <testcase name="pegaVeiculo" status="run" time="0.2" classname="Veiculo" />
    <testcase name="validaPlaca" status="run" time="0" classname="Veiculo" />
    <testcase name="obtemQuantVeicArquivo" status="run" time="0.201" classname="Veiculo" />
    <testcase name="carregaVeiculos" status="run" time="0.199" classname="Veiculo" />
  </testsuite>
  <testsuite name="Manutencao" tests="16" failures="0" disabled="0" errors="0" time="2.25">
    <testcase name="buscaManutencaoPlaca" status="run" time="0.203" classname="Manutencao" />
    <testcase name="buscaManutencaoCPF" status="run" time="0.2" classname="Manutencao" />
    <testcase name="comparaData" status="run" time="0" classname="Manutencao" />
    <testcase name="buscaManutencaoPlacDat" status="run" time="0.201" classname="Manutencao" />
    <testcase name="pegaManutencaoPlacDat" status="run" time="0.204" classname="Manutencao" />
    <testcase name="buscaManutencao" status="run" time="0.208" classname="Manutencao" />
    <testcase name="incluiManutencao" status="run" time="0.202" classname="Manutencao" />
    <testcase name="excluiManutencao" status="run" time="0.21" classname="Manutencao" />
    <testcase name="pegaManutencao" status="run" time="0.201" classname="Manutencao" />
    <testcase name="carregaManutencoesCPF" status="run" time="0.205" classname="Manutencao" />
    <testcase name="convertTime" status="run" time="0" classname="Manutencao" />
    <testcase name="obtemDataAtual" status="run" time="0" classname="Manutencao" />
    <testcase name="obtemQuantManutArquivo" status="run" time="0.201" classname="Manutencao" />
    <testcase name="carregaManutencoes" status="run" time="0.201" classname="Manutencao" />
    <testcase name="converteDataString" status="run" time="0" classname="Manutencao" />
    <testcase name="converteStringData" status="run" time="0" classname="Manutencao" />
  </testsuite>
</testsuites>
